<?xml version="1.0" encoding="UTF-8"?>
<testsuite xmlns:xsi="http://www.w3.org/2001/XMLSchema-instance" xsi:noNamespaceSchemaLocation="https://maven.apache.org/surefire/maven-surefire-plugin/xsd/surefire-test-report.xsd" name="com.paypal.bfs.functionalTest.employeeserv.test.EmployeeGetTest" time="24.955" tests="3" errors="0" skipped="0" failures="0">
  <properties>
[...]
</properties>
  <testcase name="TestGetRequestEmployee" classname="com.paypal.bfs.functionalTest.employeeserv.test.EmployeeGetTest" time="4.049"/>
  <testcase name="TestEmployeeNotFoundGetRequest" classname="com.paypal.bfs.functionalTest.employeeserv.test.EmployeeGetTest" time="2.571"/>
  <testcase name="TestInvalidEmployeeIdTypeGetRequest" classname="com.paypal.bfs.functionalTest.employeeserv.test.EmployeeGetTest" time="1.685"/>
</testsuite>